<?xml version="1.0" encoding="UTF-8"?>
<testng-results skipped="0" failed="1" total="2" passed="1">
  <reporter-output>
  </reporter-output>
  <suite name="Default suite" duration-ms="440300" started-at="2018-07-07T04:01:23Z" finished-at="2018-07-07T04:08:43Z">
    <groups>
    </groups>
    <test name="Default test" duration-ms="440300" started-at="2018-07-07T04:01:23Z" finished-at="2018-07-07T04:08:43Z">
      <class name="com.test.search.LaunchFirefoxTest">
        <test-method status="PASS" signature="test001()[pri:0, instance:com.test.search.LaunchFirefoxTest@13b6d03]" name="test001" duration-ms="4818" started-at="2018-07-07T12:01:23Z" finished-at="2018-07-07T12:01:28Z">
          <reporter-output>
          </reporter-output>
        </test-method> <!-- test001 -->
        <test-method status="FAIL" signature="test002()[pri:0, instance:com.test.search.LaunchFirefoxTest@13b6d03]" name="test002" duration-ms="432472" started-at="2018-07-07T12:01:28Z" finished-at="2018-07-07T12:08:40Z">
          <exception class="java.net.SocketException">
            <message>
              <![CDATA[Connection reset]]>
            </message>
            <full-stacktrace>
              <![CDATA[java.net.SocketException: Connection reset
	at java.net.SocketInputStream.read(Unknown Source)
	at java.net.SocketInputStream.read(Unknown Source)
	at sun.security.ssl.InputRecord.readFully(Unknown Source)
	at sun.security.ssl.InputRecord.read(Unknown Source)
	at sun.security.ssl.SSLSocketImpl.readRecord(Unknown Source)
	at sun.security.ssl.SSLSocketImpl.performInitialHandshake(Unknown Source)
	at sun.security.ssl.SSLSocketImpl.startHandshake(Unknown Source)
	at sun.security.ssl.SSLSocketImpl.startHandshake(Unknown Source)
	at sun.net.www.protocol.https.HttpsClient.afterConnect(Unknown Source)
	at sun.net.www.protocol.https.AbstractDelegateHttpsURLConnection.connect(Unknown Source)
	at sun.net.www.protocol.http.HttpURLConnection.getInputStream0(Unknown Source)
	at sun.net.www.protocol.http.HttpURLConnection.getInputStream(Unknown Source)
	at sun.net.www.protocol.https.HttpsURLConnectionImpl.getInputStream(Unknown Source)
	at com.test.search.TestDownload.downloadpic(TestDownload.java:46)
	at com.test.search.TestDownload.issave(TestDownload.java:91)
	at com.test.search.SavaPagePics.testdownload(SavaPagePics.java:125)
	at com.test.search.SavaPagePics.savepics(SavaPagePics.java:61)
	at com.test.search.Search.searchwords(Search.java:152)
	at com.test.search.Search.FileString(Search.java:43)
	at com.test.search.ReadAndWrCSV.wricsv(ReadAndWrCSV.java:80)
	at com.test.search.LaunchFirefoxTest.test002(LaunchFirefoxTest.java:87)
	at sun.reflect.NativeMethodAccessorImpl.invoke0(Native Method)
	at sun.reflect.NativeMethodAccessorImpl.invoke(Unknown Source)
	at sun.reflect.DelegatingMethodAccessorImpl.invoke(Unknown Source)
	at java.lang.reflect.Method.invoke(Unknown Source)
	at org.testng.internal.MethodInvocationHelper.invokeMethod(MethodInvocationHelper.java:84)
	at org.testng.internal.Invoker.invokeMethod(Invoker.java:714)
	at org.testng.internal.Invoker.invokeTestMethod(Invoker.java:901)
	at org.testng.internal.Invoker.invokeTestMethods(Invoker.java:1231)
	at org.testng.internal.TestMethodWorker.invokeTestMethods(TestMethodWorker.java:127)
	at org.testng.internal.TestMethodWorker.run(TestMethodWorker.java:111)
	at org.testng.TestRunner.privateRun(TestRunner.java:767)
	at org.testng.TestRunner.run(TestRunner.java:617)
	at org.testng.SuiteRunner.runTest(SuiteRunner.java:335)
	at org.testng.SuiteRunner.runSequentially(SuiteRunner.java:330)
	at org.testng.SuiteRunner.privateRun(SuiteRunner.java:291)
	at org.testng.SuiteRunner.run(SuiteRunner.java:240)
	at org.testng.SuiteRunnerWorker.runSuite(SuiteRunnerWorker.java:52)
	at org.testng.SuiteRunnerWorker.run(SuiteRunnerWorker.java:86)
	at org.testng.TestNG.runSuitesSequentially(TestNG.java:1224)
	at org.testng.TestNG.runSuitesLocally(TestNG.java:1149)
	at org.testng.TestNG.run(TestNG.java:1057)
	at org.testng.remote.RemoteTestNG.run(RemoteTestNG.java:111)
	at org.testng.remote.RemoteTestNG.initAndRun(RemoteTestNG.java:204)
	at org.testng.remote.RemoteTestNG.main(RemoteTestNG.java:175)
]]>
            </full-stacktrace>
          </exception> <!-- java.net.SocketException -->
          <reporter-output>
          </reporter-output>
        </test-method> <!-- test002 -->
        <test-method status="PASS" signature="waitsleep()[pri:0, instance:com.test.search.LaunchFirefoxTest@13b6d03]" name="waitsleep" is-config="true" duration-ms="3000" started-at="2018-07-07T12:08:40Z" finished-at="2018-07-07T12:08:43Z">
          <reporter-output>
          </reporter-output>
        </test-method> <!-- waitsleep -->
      </class> <!-- com.test.search.LaunchFirefoxTest -->
    </test> <!-- Default test -->
  </suite> <!-- Default suite -->
</testng-results>
